<?xml version="1.0" encoding="UTF-8"?>
<testng-results ignored="0" total="2" passed="2" failed="0" skipped="0">
  <reporter-output>
  </reporter-output>
  <suite started-at="2018-02-11T20:43:12Z" name="TestAll" finished-at="2018-02-11T20:43:37Z" duration-ms="25556">
    <groups>
    </groups>
    <test started-at="2018-02-11T20:43:12Z" name="order" finished-at="2018-02-11T20:43:37Z" duration-ms="25556">
      <class name="restassured.tests.PierwszyTest">
        <test-method signature="createTable()[pri:1, instance:restassured.tests.PierwszyTest@20a14b55]" started-at="2018-02-11T20:43:12Z" name="createTable" finished-at="2018-02-11T20:43:27Z" duration-ms="15259" status="PASS">
          <reporter-output>
          </reporter-output>
        </test-method> <!-- createTable -->
        <test-method signature="cos1()[pri:2, instance:restassured.tests.PierwszyTest@20a14b55]" started-at="2018-02-11T20:43:27Z" name="cos1" finished-at="2018-02-11T20:43:37Z" duration-ms="10272" status="PASS">
          <reporter-output>
          </reporter-output>
        </test-method> <!-- cos1 -->
        <test-method is-config="true" signature="tearDown()[pri:0, instance:restassured.tests.PierwszyTest@20a14b55]" started-at="2018-02-11T20:43:37Z" name="tearDown" finished-at="2018-02-11T20:43:38Z" duration-ms="754" status="PASS">
          <reporter-output>
          </reporter-output>
        </test-method> <!-- tearDown -->
      </class> <!-- restassured.tests.PierwszyTest -->
    </test> <!-- order -->
  </suite> <!-- TestAll -->
</testng-results>
