<?xml version="1.0" encoding="UTF-8"?>
<testng-results ignored="0" total="2" passed="2" failed="0" skipped="0">
  <reporter-output>
  </reporter-output>
  <suite started-at="2018-02-11T12:47:05Z" name="restassured.tests.PierwszyTest" finished-at="2018-02-11T12:47:05Z" duration-ms="25">
    <groups>
    </groups>
    <test started-at="2018-02-11T12:47:05Z" name="Command line test" finished-at="2018-02-11T12:47:05Z" duration-ms="25">
      <class name="restassured.tests.PierwszyTest">
        <test-method signature="cos()[pri:0, instance:restassured.tests.PierwszyTest@31368b99]" started-at="2018-02-11T12:47:05Z" name="cos" finished-at="2018-02-11T12:47:05Z" duration-ms="4" status="PASS">
          <reporter-output>
          </reporter-output>
        </test-method> <!-- cos -->
        <test-method signature="cos1()[pri:0, instance:restassured.tests.PierwszyTest@31368b99]" started-at="2018-02-11T12:47:05Z" name="cos1" finished-at="2018-02-11T12:47:05Z" duration-ms="0" status="PASS">
          <reporter-output>
          </reporter-output>
        </test-method> <!-- cos1 -->
      </class> <!-- restassured.tests.PierwszyTest -->
    </test> <!-- Command line test -->
  </suite> <!-- restassured.tests.PierwszyTest -->
</testng-results>
